Internal Server Error: /absen/input_absen/1/
Traceback (most recent call last):
  File "D:\joki\djangoProject\env\lib\site-packages\django\core\handlers\exception.py", line 55, in inner
    response = get_response(request)
  File "D:\joki\djangoProject\env\lib\site-packages\django\core\handlers\base.py", line 197, in _get_response
    response = wrapped_callback(request, *callback_args, **callback_kwargs)
  File "D:\joki\djangoProject\sistem_informasi\absen\views.py", line 105, in input_absen
    return render(request, 'absen.html', context)
  File "D:\joki\djangoProject\env\lib\site-packages\django\shortcuts.py", line 24, in render
    content = loader.render_to_string(template_name, context, request, using=using)
  File "D:\joki\djangoProject\env\lib\site-packages\django\template\loader.py", line 61, in render_to_string
    template = get_template(template_name, using=using)
  File "D:\joki\djangoProject\env\lib\site-packages\django\template\loader.py", line 15, in get_template
    return engine.get_template(template_name)
  File "D:\joki\djangoProject\env\lib\site-packages\django\template\backends\django.py", line 33, in get_template
    return Template(self.engine.get_template(template_name), self)
  File "D:\joki\djangoProject\env\lib\site-packages\django\template\engine.py", line 175, in get_template
    template, origin = self.find_template(template_name)
  File "D:\joki\djangoProject\env\lib\site-packages\django\template\engine.py", line 157, in find_template
    template = loader.get_template(name, skip=skip)
  File "D:\joki\djangoProject\env\lib\site-packages\django\template\loaders\cached.py", line 57, in get_template
    template = super().get_template(template_name, skip)
  File "D:\joki\djangoProject\env\lib\site-packages\django\template\loaders\base.py", line 28, in get_template
    return Template(
  File "D:\joki\djangoProject\env\lib\site-packages\django\template\base.py", line 154, in __init__
    self.nodelist = self.compile_nodelist()
  File "D:\joki\djangoProject\env\lib\site-packages\django\template\base.py", line 200, in compile_nodelist
    return parser.parse()
  File "D:\joki\djangoProject\env\lib\site-packages\django\template\base.py", line 513, in parse
    raise self.error(token, e)
  File "D:\joki\djangoProject\env\lib\site-packages\django\template\base.py", line 511, in parse
    compiled_result = compile_func(self, token)
  File "D:\joki\djangoProject\env\lib\site-packages\django\template\loader_tags.py", line 293, in do_extends
    nodelist = parser.parse()
  File "D:\joki\djangoProject\env\lib\site-packages\django\template\base.py", line 513, in parse
    raise self.error(token, e)
  File "D:\joki\djangoProject\env\lib\site-packages\django\template\base.py", line 511, in parse
    compiled_result = compile_func(self, token)
  File "D:\joki\djangoProject\env\lib\site-packages\django\template\loader_tags.py", line 232, in do_block
    nodelist = parser.parse(("endblock",))
  File "D:\joki\djangoProject\env\lib\site-packages\django\template\base.py", line 513, in parse
    raise self.error(token, e)
  File "D:\joki\djangoProject\env\lib\site-packages\django\template\base.py", line 511, in parse
    compiled_result = compile_func(self, token)
  File "D:\joki\djangoProject\env\lib\site-packages\django\template\loader_tags.py", line 220, in do_block
    raise TemplateSyntaxError("'%s' tag takes only one argument" % bits[0])
django.template.exceptions.TemplateSyntaxError: 'block' tag takes only one argument
Internal Server Error: /absen/input_absen/2/
Traceback (most recent call last):
  File "D:\joki\djangoProject\env\lib\site-packages\django\core\handlers\exception.py", line 55, in inner
    response = get_response(request)
  File "D:\joki\djangoProject\env\lib\site-packages\django\core\handlers\base.py", line 197, in _get_response
    response = wrapped_callback(request, *callback_args, **callback_kwargs)
  File "D:\joki\djangoProject\sistem_informasi\absen\views.py", line 56, in input_absen
    mahasiswa_mengambil = KRS.objects.filter(mata_kuliah=mata_kuliah_terpilih)
UnboundLocalError: local variable 'mata_kuliah_terpilih' referenced before assignment
